<?xml version="1.0" encoding="UTF-8"?>
<testng-results ignored="0" total="2" passed="2" failed="0" skipped="0">
  <reporter-output>
  </reporter-output>
  <suite started-at="2023-11-10T12:44:58 IST" name="Default suite" finished-at="2023-11-10T12:45:06 IST" duration-ms="8107">
    <groups>
    </groups>
    <test started-at="2023-11-10T12:44:58 IST" name="Default test" finished-at="2023-11-10T12:45:06 IST" duration-ms="8107">
      <class name="CourseEndProject.Assignment005Demo">
        <test-method signature="assignment005FindByStatus()[pri:49, instance:CourseEndProject.Assignment005Demo@342c38f8]" started-at="2023-11-10T12:44:58 IST" name="assignment005FindByStatus" finished-at="2023-11-10T12:45:04 IST" duration-ms="6016" status="PASS">
          <reporter-output>
          </reporter-output>
        </test-method> <!-- assignment005FindByStatus -->
        <test-method signature="assignment006Logout()[pri:50, instance:CourseEndProject.Assignment005Demo@342c38f8]" started-at="2023-11-10T12:45:04 IST" name="assignment006Logout" finished-at="2023-11-10T12:45:06 IST" duration-ms="2042" status="PASS">
          <reporter-output>
          </reporter-output>
        </test-method> <!-- assignment006Logout -->
      </class> <!-- CourseEndProject.Assignment005Demo -->
    </test> <!-- Default test -->
  </suite> <!-- Default suite -->
</testng-results>
